<?xml version="1.0" encoding="UTF-8"?>
<!-- Generated by org.testng.reporters.JUnitXMLReporter -->
<testsuite ignored="0" hostname="Srikanth" failures="0" tests="3" name="Test" time="21.975" errors="0" timestamp="2025-01-30T14:08:59 IST">
  <testcase classname="com.EcommerceProject.Qa.TestCases.RegisterAccount" name="verifyRegisterProvidingOnlyMandotoryFields" time="2.537"/>
  <testcase classname="com.EcommerceProject.Qa.TestCases.RegisterAccount" name="verifyRegisterProvidingDifferentpasswords" time="1.523"/>
  <testcase classname="com.EcommerceProject.Qa.TestCases.RegisterAccount" name="verfiyRegisterAccountWithoutProvidingAnyDetails" time="0.764"/>
</testsuite> <!-- Test -->
