<?xml version="1.0" encoding="UTF-8"?>
<testng-results ignored="0" total="3" passed="3" failed="0" skipped="0">
  <reporter-output>
  </reporter-output>
  <suite started-at="2025-01-30T14:08:35 IST" name="Suite" finished-at="2025-01-30T14:08:57 IST" duration-ms="21975">
    <groups>
    </groups>
    <test started-at="2025-01-30T14:08:35 IST" name="Test" finished-at="2025-01-30T14:08:57 IST" duration-ms="21975">
      <class name="com.EcommerceProject.Qa.TestCases.RegisterAccount">
        <test-method is-config="true" signature="setup()[pri:0, instance:com.EcommerceProject.Qa.TestCases.RegisterAccount@4a94ee4]" started-at="2025-01-30T14:08:36 IST" name="setup" finished-at="2025-01-30T14:08:41 IST" duration-ms="5644" status="PASS">
          <reporter-output>
          </reporter-output>
        </test-method> <!-- setup -->
        <test-method signature="verifyRegisterProvidingOnlyMandotoryFields()[pri:1, instance:com.EcommerceProject.Qa.TestCases.RegisterAccount@4a94ee4]" started-at="2025-01-30T14:08:41 IST" name="verifyRegisterProvidingOnlyMandotoryFields" finished-at="2025-01-30T14:08:44 IST" duration-ms="2537" status="PASS">
          <reporter-output>
          </reporter-output>
        </test-method> <!-- verifyRegisterProvidingOnlyMandotoryFields -->
        <test-method is-config="true" signature="tearDown()[pri:0, instance:com.EcommerceProject.Qa.TestCases.RegisterAccount@4a94ee4]" started-at="2025-01-30T14:08:44 IST" name="tearDown" finished-at="2025-01-30T14:08:45 IST" duration-ms="1411" status="PASS">
          <reporter-output>
          </reporter-output>
        </test-method> <!-- tearDown -->
        <test-method is-config="true" signature="setup()[pri:0, instance:com.EcommerceProject.Qa.TestCases.RegisterAccount@4a94ee4]" started-at="2025-01-30T14:08:45 IST" name="setup" finished-at="2025-01-30T14:08:49 IST" duration-ms="3554" status="PASS">
          <reporter-output>
          </reporter-output>
        </test-method> <!-- setup -->
        <test-method signature="verifyRegisterProvidingDifferentpasswords()[pri:2, instance:com.EcommerceProject.Qa.TestCases.RegisterAccount@4a94ee4]" started-at="2025-01-30T14:08:49 IST" name="verifyRegisterProvidingDifferentpasswords" finished-at="2025-01-30T14:08:51 IST" duration-ms="1523" status="PASS">
          <reporter-output>
          </reporter-output>
        </test-method> <!-- verifyRegisterProvidingDifferentpasswords -->
        <test-method is-config="true" signature="tearDown()[pri:0, instance:com.EcommerceProject.Qa.TestCases.RegisterAccount@4a94ee4]" started-at="2025-01-30T14:08:51 IST" name="tearDown" finished-at="2025-01-30T14:08:52 IST" duration-ms="1281" status="PASS">
          <reporter-output>
          </reporter-output>
        </test-method> <!-- tearDown -->
        <test-method is-config="true" signature="setup()[pri:0, instance:com.EcommerceProject.Qa.TestCases.RegisterAccount@4a94ee4]" started-at="2025-01-30T14:08:52 IST" name="setup" finished-at="2025-01-30T14:08:55 IST" duration-ms="3668" status="PASS">
          <reporter-output>
          </reporter-output>
        </test-method> <!-- setup -->
        <test-method signature="verfiyRegisterAccountWithoutProvidingAnyDetails()[pri:3, instance:com.EcommerceProject.Qa.TestCases.RegisterAccount@4a94ee4]" started-at="2025-01-30T14:08:55 IST" name="verfiyRegisterAccountWithoutProvidingAnyDetails" finished-at="2025-01-30T14:08:56 IST" duration-ms="764" status="PASS">
          <reporter-output>
          </reporter-output>
        </test-method> <!-- verfiyRegisterAccountWithoutProvidingAnyDetails -->
        <test-method is-config="true" signature="tearDown()[pri:0, instance:com.EcommerceProject.Qa.TestCases.RegisterAccount@4a94ee4]" started-at="2025-01-30T14:08:56 IST" name="tearDown" finished-at="2025-01-30T14:08:57 IST" duration-ms="1208" status="PASS">
          <reporter-output>
          </reporter-output>
        </test-method> <!-- tearDown -->
      </class> <!-- com.EcommerceProject.Qa.TestCases.RegisterAccount -->
    </test> <!-- Test -->
  </suite> <!-- Suite -->
</testng-results>
